{"D:\\DICODING\\KELAS 5\\latihantesting\\gradeCalculation.js": {"path":"D:\\DICODING\\KELAS 5\\latihantesting\\gradeCalculation.js","statementMap":{"0":{"start":{"line":1,"column":21},"end":{"line":7,"column":1}},"1":{"start":{"line":2,"column":29},"end":{"line":2,"column":78}},"2":{"start":{"line":2,"column":53},"end":{"line":2,"column":77}},"3":{"start":{"line":3,"column":4},"end":{"line":3,"column":61}},"4":{"start":{"line":3,"column":26},"end":{"line":3,"column":61}},"5":{"start":{"line":5,"column":22},"end":{"line":5,"column":100}},"6":{"start":{"line":5,"column":70},"end":{"line":5,"column":96}},"7":{"start":{"line":6,"column":4},"end":{"line":6,"column":40}},"8":{"start":{"line":9,"column":25},"end":{"line":20,"column":1}},"9":{"start":{"line":10,"column":22},"end":{"line":10,"column":24}},"10":{"start":{"line":11,"column":20},"end":{"line":11,"column":43}},"11":{"start":{"line":13,"column":4},"end":{"line":19,"column":5}},"12":{"start":{"line":14,"column":8},"end":{"line":14,"column":49}},"13":{"start":{"line":15,"column":8},"end":{"line":15,"column":20}},"14":{"start":{"line":17,"column":8},"end":{"line":17,"column":49}},"15":{"start":{"line":18,"column":8},"end":{"line":18,"column":21}},"16":{"start":{"line":22,"column":0},"end":{"line":22,"column":50}}},"fnMap":{"0":{"name":"(anonymous_0)","decl":{"start":{"line":1,"column":21},"end":{"line":1,"column":22}},"loc":{"start":{"line":1,"column":36},"end":{"line":7,"column":1}},"line":1},"1":{"name":"(anonymous_1)","decl":{"start":{"line":2,"column":45},"end":{"line":2,"column":46}},"loc":{"start":{"line":2,"column":53},"end":{"line":2,"column":77}},"line":2},"2":{"name":"(anonymous_2)","decl":{"start":{"line":5,"column":39},"end":{"line":5,"column":40}},"loc":{"start":{"line":5,"column":70},"end":{"line":5,"column":96}},"line":5},"3":{"name":"(anonymous_3)","decl":{"start":{"line":9,"column":25},"end":{"line":9,"column":26}},"loc":{"start":{"line":9,"column":46},"end":{"line":20,"column":1}},"line":9}},"branchMap":{"0":{"loc":{"start":{"line":3,"column":4},"end":{"line":3,"column":61}},"type":"if","locations":[{"start":{"line":3,"column":4},"end":{"line":3,"column":61}},{"start":{"line":3,"column":4},"end":{"line":3,"column":61}}],"line":3},"1":{"loc":{"start":{"line":13,"column":4},"end":{"line":19,"column":5}},"type":"if","locations":[{"start":{"line":13,"column":4},"end":{"line":19,"column":5}},{"start":{"line":13,"column":4},"end":{"line":19,"column":5}}],"line":13}},"s":{"0":1,"1":3,"2":12,"3":3,"4":0,"5":3,"6":12,"7":3,"8":1,"9":2,"10":2,"11":2,"12":1,"13":1,"14":1,"15":1,"16":1},"f":{"0":3,"1":12,"2":12,"3":2},"b":{"0":[0,3],"1":[1,1]},"_coverageSchema":"1a1c01bbd47fc00a2c39e90264f33305004495a9","hash":"2f7111da8d4e8d3572773eb56e3a75386e0339c5"}
}
